<?xml version="1.0" encoding="UTF-8"?>
<!-- Generated by org.testng.reporters.JUnitXMLReporter -->
<testsuite hostname="DESKTOP-HEG1EMQ" ignored="1" name="Default test" tests="1" failures="0" timestamp="19 Sep 2018 10:06:19 GMT" time="4.439" errors="0">
  <testcase name="restapiget" time="4.382" classname="com.qa.api.restapitestcase"/>
  <testcase name="gethttprepsonse" time="0.0" classname="com.qa.api.restapitestcase">
    <ignored/>
  </testcase> <!-- gethttprepsonse -->
</testsuite> <!-- Default test -->
