<?xml version="1.0" encoding="UTF-8"?>
<testng-results skipped="0" failed="0" ignored="1" total="2" passed="1">
  <reporter-output>
  </reporter-output>
  <suite name="Default suite" duration-ms="4439" started-at="2018-09-19T10:06:14Z" finished-at="2018-09-19T10:06:19Z">
    <groups>
    </groups>
    <test name="Default test" duration-ms="4439" started-at="2018-09-19T10:06:14Z" finished-at="2018-09-19T10:06:19Z">
      <class name="com.qa.api.restapitestcase">
        <test-method status="PASS" signature="restapiget()[pri:1, instance:com.qa.api.restapitestcase@6a41eaa2]" name="restapiget" duration-ms="4382" started-at="2018-09-19T10:06:14Z" finished-at="2018-09-19T10:06:19Z">
          <reporter-output>
          </reporter-output>
        </test-method> <!-- restapiget -->
      </class> <!-- com.qa.api.restapitestcase -->
    </test> <!-- Default test -->
  </suite> <!-- Default suite -->
</testng-results>
